2019-04-18 22:31:40,325 - doConfini.py:[18] - [INFO] - read excel value [/Users/guchenghao/pro ject/auto_test] successed
2019-04-18 22:31:49,904 - doConfini.py:[18] - [INFO] - read excel value [/Users/guchenghao/project/auto_test] successed
2019-04-18 22:31:49,928 - testReport.py:[41] - [INFO] -  successed  to generate test report [2019-04-18 22_31_49_测试报告]
2019-04-18 22:33:04,300 - doConfini.py:[18] - [INFO] - read excel value [/Users/guchenghao/project/auto_test] successed
2019-04-18 22:33:04,312 - doExecl.py:[26] - [INFO] - initing  class readExcel
2019-04-18 22:33:04,312 - doExecl.py:[43] - [INFO] - reading value [root 2] from excel file [/Users/guchenghao/project/auto_test/oaTail/data/testData/oa.xlsx] completed
2019-04-18 22:56:30,933 - doConfini.py:[18] - [INFO] - read excel value [/Users/guchenghao/project/auto_test] successed
2019-04-18 22:57:06,316 - doConfini.py:[18] - [INFO] - read excel value [/Users/guchenghao/project/auto_test] successed
2019-04-18 22:59:58,184 - doConfini.py:[18] - [INFO] - read excel value [/Users/guchenghao/project/auto_test] successed
2019-04-18 22:59:58,198 - doExecl.py:[26] - [INFO] - initing  class readExcel
2019-04-18 23:04:53,329 - doConfini.py:[18] - [INFO] - read excel value [/Users/guchenghao/project/auto_test] successed
2019-04-18 23:04:53,352 - doExecl.py:[26] - [INFO] - initing  class readExcel
2019-04-18 23:05:05,490 - doConfini.py:[18] - [INFO] - read excel value [/Users/guchenghao/project/auto_test] successed
2019-04-18 23:05:05,504 - doExecl.py:[26] - [INFO] - initing  class readExcel
2019-04-18 23:06:05,563 - doConfini.py:[18] - [INFO] - read excel value [/Users/guchenghao/project/auto_test] successed
2019-04-18 23:06:05,572 - doExecl.py:[26] - [INFO] - initing  class readExcel
2019-04-18 23:06:45,067 - doConfini.py:[18] - [INFO] - read excel value [/Users/guchenghao/project/auto_test] successed
2019-04-18 23:06:45,077 - doExecl.py:[26] - [INFO] - initing  class readExcel
2019-04-18 23:07:03,262 - doConfini.py:[18] - [INFO] - read excel value [/Users/guchenghao/project/auto_test] successed
2019-04-18 23:07:03,272 - doExecl.py:[26] - [INFO] - initing  class readExcel
2019-04-18 23:08:47,175 - doConfini.py:[18] - [INFO] - read excel value [/Users/guchenghao/project/auto_test] successed
2019-04-18 23:08:47,197 - doExecl.py:[26] - [INFO] - initing  class readExcel
2019-04-18 23:09:04,846 - doConfini.py:[18] - [INFO] - read excel value [/Users/guchenghao/project/auto_test] successed
2019-04-18 23:09:04,856 - doExecl.py:[26] - [INFO] - initing  class readExcel
2019-04-18 23:17:45,927 - doConfini.py:[18] - [INFO] - read excel value [/Users/guchenghao/project/auto_test] successed
2019-04-18 23:17:45,951 - doExecl.py:[26] - [INFO] - initing  class readExcel
2019-04-18 23:18:32,163 - doConfini.py:[18] - [INFO] - read excel value [/Users/guchenghao/project/auto_test] successed
2019-04-18 23:18:32,172 - doExecl.py:[26] - [INFO] - initing  class readExcel
2019-04-18 23:18:44,057 - doConfini.py:[18] - [INFO] - read excel value [/Users/guchenghao/project/auto_test] successed
2019-04-18 23:18:44,080 - doExecl.py:[26] - [INFO] - initing  class readExcel
2019-04-18 23:18:44,096 - testReport.py:[41] - [INFO] -  successed  to generate test report [2019-04-18 23_18_44_测试报告]
